{
  "RSpec": {
    "coverage": {
      "/home/sergo/Dropbox/programming/Think/Stackoverflow/stackoverflow/spec/support/acceptance_helpers.rb": [
        null,
        1,
        1,
        28,
        28,
        28,
        28,
        null,
        null
      ],
      "/home/sergo/Dropbox/programming/Think/Stackoverflow/stackoverflow/spec/support/controller_macros.rb": [
        null,
        1,
        1,
        6,
        18,
        18,
        18,
        null,
        null,
        null
      ],
      "/home/sergo/Dropbox/programming/Think/Stackoverflow/stackoverflow/spec/support/wait_for_ajax.rb": [
        null,
        1,
        1,
        3,
        3,
        null,
        null,
        null,
        1,
        168,
        null,
        null,
        null,
        1,
        1,
        null
      ],
      "/home/sergo/Dropbox/programming/Think/Stackoverflow/stackoverflow/spec/acceptance/answers/best_spec.rb": [
        null,
        1,
        null,
        1,
        null,
        null,
        null,
        null,
        9,
        9,
        9,
        null,
        1,
        1,
        7,
        7,
        null,
        null,
        1,
        1,
        1,
        null,
        null,
        1,
        1,
        1,
        null,
        null,
        1,
        1,
        1,
        1,
        null,
        null,
        1,
        1,
        1,
        1,
        1,
        null,
        1,
        1,
        1,
        null,
        null,
        null,
        1,
        1,
        1,
        1,
        1,
        1,
        1,
        1,
        null,
        1,
        1,
        5,
        5,
        null,
        null,
        1,
        1,
        null,
        null,
        null,
        1,
        1,
        1,
        1,
        1,
        1,
        null,
        1,
        1,
        1,
        null,
        null,
        null,
        null,
        1,
        1,
        1,
        1,
        1,
        null,
        null,
        null,
        1,
        1,
        1,
        null,
        null
      ],
      "/home/sergo/Dropbox/programming/Think/Stackoverflow/stackoverflow/spec/acceptance/acceptance_helper.rb": [
        null,
        1,
        null,
        1,
        1,
        null,
        1,
        null,
        1,
        null,
        1,
        1,
        null,
        null,
        1,
        123,
        null,
        null,
        1,
        20,
        null,
        null,
        1,
        123,
        null,
        null,
        1,
        123,
        null,
        null
      ],
      "/home/sergo/Dropbox/programming/Think/Stackoverflow/stackoverflow/spec/acceptance/answers/create_spec.rb": [
        null,
        1,
        null,
        1,
        null,
        null,
        null,
        null,
        4,
        5,
        null,
        1,
        1,
        1,
        1,
        1,
        1,
        1,
        null,
        1,
        null,
        null,
        1,
        1,
        2,
        2,
        null,
        null,
        1,
        1,
        1,
        1,
        1,
        null,
        null,
        1,
        1,
        1,
        1,
        null,
        null,
        null,
        1,
        1,
        1,
        null,
        null
      ],
      "/home/sergo/Dropbox/programming/Think/Stackoverflow/stackoverflow/spec/acceptance/answers/delete_file_spec.rb": [
        1,
        null,
        1,
        null,
        null,
        null,
        null,
        4,
        4,
        4,
        4,
        null,
        1,
        3,
        3,
        null,
        null,
        1,
        null,
        1,
        2,
        null,
        null,
        1,
        1,
        1,
        1,
        1,
        1,
        null,
        null,
        null,
        1,
        1,
        1,
        1,
        1,
        1,
        1,
        1,
        null,
        null,
        null,
        null,
        1,
        1,
        1,
        1,
        null,
        null
      ],
      "/home/sergo/Dropbox/programming/Think/Stackoverflow/stackoverflow/spec/acceptance/answers/delete_spec.rb": [
        1,
        null,
        1,
        null,
        null,
        null,
        null,
        4,
        4,
        null,
        1,
        1,
        1,
        1,
        1,
        1,
        1,
        null,
        null,
        1,
        1,
        1,
        1,
        1,
        1,
        null,
        null,
        1,
        1,
        1,
        null,
        null
      ],
      "/home/sergo/Dropbox/programming/Think/Stackoverflow/stackoverflow/spec/acceptance/answers/edit_spec.rb": [
        null,
        1,
        1,
        null,
        null,
        null,
        null,
        7,
        7,
        7,
        null,
        1,
        1,
        1,
        null,
        null,
        1,
        1,
        5,
        5,
        null,
        null,
        1,
        1,
        1,
        null,
        null,
        null,
        1,
        1,
        1,
        1,
        1,
        1,
        1,
        1,
        1,
        null,
        null,
        null,
        1,
        1,
        1,
        1,
        1,
        1,
        null,
        null,
        null,
        1,
        1,
        1,
        1,
        1,
        1,
        1,
        null,
        1,
        1,
        null,
        null,
        1,
        1,
        1,
        1,
        1,
        null,
        1,
        null,
        null,
        null,
        null
      ],
      "/home/sergo/Dropbox/programming/Think/Stackoverflow/stackoverflow/spec/acceptance/questions/add_files_spec.rb": [
        1,
        null,
        1,
        null,
        null,
        null,
        null,
        3,
        null,
        1,
        2,
        2,
        null,
        null,
        1,
        1,
        1,
        1,
        1,
        null,
        1,
        null,
        null,
        1,
        1,
        1,
        1,
        1,
        1,
        1,
        1,
        null,
        1,
        0,
        null,
        null
      ],
      "/home/sergo/Dropbox/programming/Think/Stackoverflow/stackoverflow/spec/acceptance/questions/create_spec.rb": [
        null,
        1,
        null,
        null,
        null,
        null,
        null,
        2,
        null,
        1,
        1,
        null,
        1,
        1,
        1,
        1,
        1,
        null,
        1,
        null,
        null,
        1,
        1,
        1,
        1,
        null,
        null
      ],
      "/home/sergo/Dropbox/programming/Think/Stackoverflow/stackoverflow/spec/acceptance/questions/delete_file_spec.rb": [
        1,
        null,
        1,
        null,
        null,
        null,
        null,
        4,
        4,
        4,
        null,
        1,
        3,
        3,
        null,
        null,
        1,
        1,
        2,
        null,
        null,
        1,
        1,
        1,
        1,
        1,
        1,
        null,
        null,
        null,
        1,
        1,
        1,
        1,
        1,
        1,
        1,
        null,
        null,
        null,
        null,
        1,
        1,
        1,
        1,
        null,
        null
      ],
      "/home/sergo/Dropbox/programming/Think/Stackoverflow/stackoverflow/spec/acceptance/questions/delete_spec.rb": [
        null,
        1,
        null,
        null,
        null,
        null,
        null,
        4,
        4,
        null,
        1,
        1,
        1,
        1,
        1,
        1,
        null,
        null,
        1,
        1,
        1,
        1,
        1,
        null,
        null,
        1,
        1,
        1,
        null,
        null
      ],
      "/home/sergo/Dropbox/programming/Think/Stackoverflow/stackoverflow/spec/acceptance/questions/view_spec.rb": [
        null,
        1,
        null,
        null,
        null,
        null,
        3,
        1,
        1,
        1,
        5,
        null,
        null,
        null,
        1,
        1,
        1,
        1,
        1,
        1,
        1,
        5,
        null,
        null,
        null
      ],
      "/home/sergo/Dropbox/programming/Think/Stackoverflow/stackoverflow/spec/acceptance/user/sign_in_spec.rb": [
        null,
        1,
        null,
        1,
        null,
        null,
        null,
        null,
        null,
        2,
        null,
        1,
        1,
        null,
        1,
        1,
        null,
        null,
        1,
        1,
        1,
        1,
        1,
        null,
        1,
        1,
        null,
        null
      ],
      "/home/sergo/Dropbox/programming/Think/Stackoverflow/stackoverflow/spec/acceptance/user/sign_out_spec.rb": [
        null,
        1,
        null,
        null,
        null,
        null,
        null,
        2,
        null,
        1,
        1,
        1,
        1,
        1,
        null,
        null,
        1,
        1,
        1,
        null,
        null
      ],
      "/home/sergo/Dropbox/programming/Think/Stackoverflow/stackoverflow/spec/acceptance/user/sign_up_spec.rb": [
        null,
        1,
        null,
        null,
        null,
        null,
        null,
        1,
        1,
        1,
        1,
        1,
        1,
        1,
        1,
        1,
        null,
        null
      ],
      "/home/sergo/Dropbox/programming/Think/Stackoverflow/stackoverflow/spec/controllers/answers/create_spec.rb": [
        null,
        1,
        6,
        1,
        null,
        1,
        1,
        1,
        1,
        1,
        1,
        null,
        null,
        null,
        null,
        1,
        1,
        null,
        1,
        null,
        null,
        1,
        1,
        1,
        null,
        null,
        null,
        1,
        1,
        1,
        1,
        null,
        null,
        null,
        null,
        1,
        1,
        1,
        null,
        null,
        null,
        null
      ],
      "/home/sergo/Dropbox/programming/Think/Stackoverflow/stackoverflow/app/controllers/answers_controller.rb": [
        null,
        1,
        1,
        1,
        1,
        null,
        1,
        2,
        null,
        null,
        1,
        8,
        8,
        8,
        null,
        null,
        1,
        8,
        null,
        null,
        1,
        9,
        null,
        null,
        1,
        5,
        5,
        5,
        3,
        3,
        3,
        null,
        2,
        2,
        null,
        null,
        null,
        1,
        null,
        1,
        8,
        null,
        null,
        1,
        22,
        null,
        null,
        1,
        16,
        null,
        null
      ],
      "/home/sergo/Dropbox/programming/Think/Stackoverflow/stackoverflow/app/controllers/application_controller.rb": [
        null,
        1,
        1,
        null
      ],
      "/home/sergo/Dropbox/programming/Think/Stackoverflow/stackoverflow/spec/controllers/answers/destroy_spec.rb": [
        null,
        1,
        6,
        6,
        null,
        1,
        1,
        5,
        null,
        1,
        1,
        2,
        null,
        null,
        1,
        1,
        1,
        null,
        null,
        null,
        1,
        3,
        3,
        1,
        null,
        1,
        1,
        2,
        null,
        null,
        1,
        1,
        1,
        1,
        null,
        null,
        null,
        null,
        1,
        1,
        1,
        2,
        null,
        null,
        null,
        null
      ],
      "/home/sergo/Dropbox/programming/Think/Stackoverflow/stackoverflow/spec/controllers/answers/mark_best_spec.rb": [
        null,
        1,
        5,
        5,
        1,
        1,
        4,
        null,
        1,
        3,
        1,
        1,
        null,
        null,
        1,
        1,
        null,
        null,
        null,
        1,
        1,
        null,
        1,
        1,
        1,
        null,
        null,
        null,
        null,
        1,
        1,
        1,
        1,
        null,
        null,
        null,
        null
      ],
      "/home/sergo/Dropbox/programming/Think/Stackoverflow/stackoverflow/spec/controllers/answers/new_spec.rb": [
        null,
        1,
        3,
        1,
        1,
        3,
        null,
        1,
        1,
        null,
        null,
        1,
        1,
        null,
        null,
        null
      ],
      "/home/sergo/Dropbox/programming/Think/Stackoverflow/stackoverflow/spec/controllers/answers/update_spec.rb": [
        null,
        1,
        8,
        8,
        null,
        1,
        1,
        7,
        null,
        1,
        1,
        1,
        1,
        null,
        null,
        1,
        1,
        1,
        1,
        1,
        null,
        null,
        1,
        1,
        1,
        null,
        null,
        null,
        1,
        3,
        1,
        2,
        null,
        null,
        1,
        1,
        1,
        null,
        null,
        1,
        1,
        null,
        null,
        null,
        1,
        2,
        2,
        null,
        1,
        1,
        1,
        1,
        null,
        null,
        null,
        null,
        1,
        1,
        1,
        1,
        1,
        1,
        null,
        null,
        null,
        null
      ],
      "/home/sergo/Dropbox/programming/Think/Stackoverflow/stackoverflow/spec/controllers/attachments_controller_spec.rb": [
        1,
        null,
        1,
        1,
        6,
        6,
        null,
        1,
        1,
        3,
        null,
        1,
        2,
        null,
        null,
        1,
        1,
        1,
        null,
        null,
        null,
        1,
        1,
        null,
        1,
        2,
        null,
        null,
        1,
        1,
        1,
        null,
        null,
        null,
        null,
        1,
        1,
        2,
        null,
        null,
        null,
        null
      ],
      "/home/sergo/Dropbox/programming/Think/Stackoverflow/stackoverflow/app/controllers/attachments_controller.rb": [
        1,
        1,
        null,
        1,
        6,
        6,
        null,
        null
      ],
      "/home/sergo/Dropbox/programming/Think/Stackoverflow/stackoverflow/spec/controllers/questions/create_spec.rb": [
        null,
        1,
        1,
        null,
        1,
        1,
        1,
        1,
        2,
        null,
        null,
        1,
        1,
        1,
        null,
        null,
        1,
        1,
        1,
        null,
        null,
        null,
        1,
        1,
        2,
        null,
        null,
        1,
        1,
        1,
        null,
        null,
        null,
        null
      ],
      "/home/sergo/Dropbox/programming/Think/Stackoverflow/stackoverflow/app/controllers/questions_controller.rb": [
        null,
        1,
        1,
        1,
        null,
        1,
        38,
        null,
        null,
        1,
        44,
        44,
        null,
        null,
        1,
        6,
        6,
        null,
        null,
        1,
        null,
        null,
        1,
        8,
        8,
        6,
        null,
        2,
        null,
        null,
        null,
        1,
        6,
        null,
        null,
        1,
        5,
        3,
        3,
        null,
        2,
        2,
        2,
        2,
        null,
        null,
        null,
        1,
        null,
        1,
        57,
        null,
        null,
        1,
        13,
        null,
        null
      ],
      "/home/sergo/Dropbox/programming/Think/Stackoverflow/stackoverflow/spec/controllers/questions/destroy_spec.rb": [
        null,
        1,
        5,
        null,
        1,
        5,
        null,
        1,
        1,
        2,
        null,
        null,
        1,
        1,
        1,
        null,
        null,
        null,
        1,
        3,
        3,
        1,
        null,
        1,
        1,
        2,
        null,
        null,
        1,
        1,
        1,
        1,
        1,
        null,
        null,
        null,
        null,
        1,
        1,
        1,
        2,
        null,
        null,
        null
      ],
      "/home/sergo/Dropbox/programming/Think/Stackoverflow/stackoverflow/spec/controllers/questions/edit_spec.rb": [
        null,
        1,
        3,
        null,
        1,
        1,
        3,
        null,
        1,
        1,
        null,
        null,
        1,
        1,
        null,
        null,
        null
      ],
      "/home/sergo/Dropbox/programming/Think/Stackoverflow/stackoverflow/spec/controllers/questions/index_spec.rb": [
        null,
        1,
        1,
        1,
        2,
        null,
        3,
        null,
        1,
        1,
        null,
        null,
        1,
        1,
        null,
        null,
        null
      ],
      "/home/sergo/Dropbox/programming/Think/Stackoverflow/stackoverflow/spec/controllers/questions/new_spec.rb": [
        null,
        1,
        1,
        1,
        1,
        4,
        null,
        1,
        1,
        null,
        null,
        1,
        1,
        null,
        null,
        1,
        1,
        null,
        null,
        null
      ],
      "/home/sergo/Dropbox/programming/Think/Stackoverflow/stackoverflow/spec/controllers/questions/show_spec.rb": [
        null,
        1,
        5,
        null,
        1,
        5,
        null,
        1,
        1,
        null,
        null,
        1,
        1,
        null,
        null,
        1,
        1,
        null,
        null,
        1,
        1,
        null,
        null,
        null
      ],
      "/home/sergo/Dropbox/programming/Think/Stackoverflow/stackoverflow/spec/controllers/questions/update_spec.rb": [
        null,
        1,
        6,
        null,
        1,
        1,
        7,
        null,
        1,
        1,
        1,
        1,
        1,
        null,
        null,
        1,
        1,
        1,
        1,
        1,
        null,
        null,
        1,
        1,
        1,
        null,
        null,
        null,
        1,
        3,
        3,
        null,
        1,
        2,
        null,
        null,
        1,
        1,
        1,
        1,
        null,
        null,
        1,
        1,
        null,
        null,
        null,
        null,
        1,
        2,
        2,
        null,
        1,
        1,
        1,
        1,
        1,
        1,
        null,
        null,
        null,
        null,
        1,
        1,
        1,
        1,
        1,
        1,
        1,
        null,
        null,
        null,
        null
      ],
      "/home/sergo/Dropbox/programming/Think/Stackoverflow/stackoverflow/spec/helpers/answers_helper_spec.rb": [
        null,
        1,
        1,
        null
      ],
      "/home/sergo/Dropbox/programming/Think/Stackoverflow/stackoverflow/spec/helpers/questions_helper_spec.rb": [
        null,
        1,
        1,
        null
      ],
      "/home/sergo/Dropbox/programming/Think/Stackoverflow/stackoverflow/spec/models/answer_spec.rb": [
        null,
        1,
        1,
        2,
        2,
        2,
        null,
        null,
        1,
        2,
        2,
        2,
        null,
        null,
        1,
        2,
        null,
        null,
        null,
        1,
        4,
        2,
        null,
        1,
        1,
        1,
        null,
        null,
        1,
        1,
        1,
        1,
        1,
        null,
        null,
        1,
        1,
        1,
        5,
        5,
        5,
        null,
        null,
        null,
        1,
        2,
        null,
        1,
        1,
        1,
        1,
        1,
        null,
        null,
        null
      ],
      "/home/sergo/Dropbox/programming/Think/Stackoverflow/stackoverflow/app/models/answer.rb": [
        null,
        1,
        1,
        1,
        1,
        null,
        1,
        null,
        1,
        null,
        51,
        null,
        1,
        16,
        24,
        16,
        null,
        null,
        null
      ],
      "/home/sergo/Dropbox/programming/Think/Stackoverflow/stackoverflow/spec/models/attachment_spec.rb": [
        1,
        null,
        1,
        2,
        null
      ],
      "/home/sergo/Dropbox/programming/Think/Stackoverflow/stackoverflow/app/models/attachment.rb": [
        1,
        1,
        null,
        1,
        null
      ],
      "/home/sergo/Dropbox/programming/Think/Stackoverflow/stackoverflow/app/uploaders/file_uploader.rb": [
        1,
        1,
        null,
        1,
        null,
        1,
        33,
        null,
        null
      ],
      "/home/sergo/Dropbox/programming/Think/Stackoverflow/stackoverflow/spec/models/question_spec.rb": [
        null,
        1,
        1,
        2,
        2,
        2,
        2,
        null,
        null,
        1,
        2,
        2,
        2,
        null,
        null,
        1,
        2,
        null,
        null
      ],
      "/home/sergo/Dropbox/programming/Think/Stackoverflow/stackoverflow/app/models/question.rb": [
        null,
        1,
        1,
        1,
        null,
        1,
        null,
        1,
        null,
        1,
        null
      ],
      "/home/sergo/Dropbox/programming/Think/Stackoverflow/stackoverflow/spec/models/user_spec.rb": [
        null,
        1,
        1,
        2,
        2,
        null,
        null,
        1,
        2,
        2,
        null,
        null,
        1,
        1,
        1,
        1,
        1,
        1,
        1,
        null,
        null,
        1,
        1,
        1,
        1,
        1,
        1,
        1,
        null,
        null,
        null
      ]
    },
    "timestamp": 1489434598
  }
}
