{
  "RSpec": {
    "coverage": {
      "/home/sergo/Dropbox/programming/Think/Stackoverflow/stackoverflow/spec/support/acceptance_helpers.rb": [
        null,
        1,
        1,
        2,
        2,
        2,
        2,
        null,
        null
      ],
      "/home/sergo/Dropbox/programming/Think/Stackoverflow/stackoverflow/spec/support/controller_macros.rb": [
        null,
        1,
        1,
        0,
        0,
        0,
        0,
        null,
        null,
        null
      ],
      "/home/sergo/Dropbox/programming/Think/Stackoverflow/stackoverflow/spec/support/wait_for_ajax.rb": [
        null,
        1,
        1,
        0,
        0,
        null,
        null,
        null,
        1,
        0,
        null,
        null,
        null,
        1,
        1,
        null
      ],
      "/home/sergo/Dropbox/programming/Think/Stackoverflow/stackoverflow/spec/acceptance/questions/add_files_spec.rb": [
        1,
        null,
        1,
        null,
        null,
        null,
        null,
        3,
        null,
        1,
        2,
        2,
        null,
        null,
        1,
        1,
        1,
        1,
        1,
        null,
        1,
        null,
        null,
        1,
        1,
        1,
        1,
        1,
        1,
        1,
        1,
        null,
        1,
        0,
        null,
        null
      ],
      "/home/sergo/Dropbox/programming/Think/Stackoverflow/stackoverflow/spec/acceptance/acceptance_helper.rb": [
        null,
        1,
        null,
        1,
        1,
        null,
        1,
        null,
        1,
        null,
        1,
        1,
        null,
        null,
        1,
        2,
        null,
        null,
        1,
        1,
        null,
        null,
        1,
        2,
        null,
        null,
        1,
        2,
        null,
        null
      ],
      "/home/sergo/Dropbox/programming/Think/Stackoverflow/stackoverflow/app/controllers/application_controller.rb": [
        null,
        1,
        1,
        null
      ],
      "/home/sergo/Dropbox/programming/Think/Stackoverflow/stackoverflow/app/controllers/questions_controller.rb": [
        null,
        1,
        1,
        1,
        null,
        1,
        2,
        null,
        null,
        1,
        2,
        2,
        null,
        null,
        1,
        2,
        2,
        null,
        null,
        1,
        null,
        null,
        1,
        2,
        2,
        2,
        null,
        0,
        null,
        null,
        null,
        1,
        0,
        null,
        null,
        1,
        0,
        0,
        0,
        null,
        0,
        0,
        0,
        0,
        null,
        null,
        null,
        1,
        null,
        1,
        2,
        null,
        null,
        1,
        2,
        null,
        null
      ],
      "/home/sergo/Dropbox/programming/Think/Stackoverflow/stackoverflow/app/models/question.rb": [
        null,
        1,
        1,
        1,
        null,
        1,
        null,
        1,
        null,
        1,
        null
      ],
      "/home/sergo/Dropbox/programming/Think/Stackoverflow/stackoverflow/app/models/attachment.rb": [
        1,
        1,
        null,
        1,
        null
      ],
      "/home/sergo/Dropbox/programming/Think/Stackoverflow/stackoverflow/app/uploaders/file_uploader.rb": [
        1,
        1,
        null,
        1,
        null,
        1,
        6,
        null,
        null
      ],
      "/home/sergo/Dropbox/programming/Think/Stackoverflow/stackoverflow/app/models/answer.rb": [
        null,
        1,
        1,
        1,
        1,
        null,
        1,
        null,
        1,
        null,
        3,
        null,
        1,
        0,
        0,
        0,
        null,
        null,
        null
      ]
    },
    "timestamp": 1489433204
  }
}
